Build started 29/01/2016 22:40:11.
     1>Project "c:\Users\Andrew\documents\visual studio 2015\Projects\LindenmeyerSystems\LindenmeyerSystems\LindenmeyerSystems.vcxproj" on node 2 (Build target(s)).
     1>FxCompile:
         C:\Program Files (x86)\Windows Kits\10\bin\x86\fxc.exe /nologo /E"main" /T ps_4_0_level_9_3 /Fo "c:\users\andrew\documents\visual studio 2015\Projects\LindenmeyerSystems\Debug\LindenmeyerSystems\SamplePixelShader.cso" /Od /Zi Content\SamplePixelShader.hlsl 
         compilation object save succeeded; see c:\users\andrew\documents\visual studio 2015\Projects\LindenmeyerSystems\Debug\LindenmeyerSystems\SamplePixelShader.cso
         C:\Program Files (x86)\Windows Kits\10\bin\x86\fxc.exe /nologo /E"main" /T vs_4_0_level_9_3 /Fo "c:\users\andrew\documents\visual studio 2015\Projects\LindenmeyerSystems\Debug\LindenmeyerSystems\SampleVertexShader.cso" /Od /Zi Content\SampleVertexShader.hlsl 
         compilation object save succeeded; see c:\users\andrew\documents\visual studio 2015\Projects\LindenmeyerSystems\Debug\LindenmeyerSystems\SampleVertexShader.cso
       ClCompile:
         C:\Program Files (x86)\Microsoft Visual Studio 14.0\VC\bin\CL.exe /c /I"c:\Users\Andrew\documents\visual studio 2015\Projects\LindenmeyerSystems\LindenmeyerSystems\\" /IDebug\ /I"c:\Users\Andrew\documents\visual studio 2015\Projects\LindenmeyerSystems\LindenmeyerSystems\\" /I"Generated Files\\" /IDebug\ /ZI /ZW /ZW:nostdlib /nologo /W3 /WX- /sdl /MP /Od /Oy- /D _DEBUG /D _UNICODE /D UNICODE /D _DEBUG /D WINAPI_FAMILY=WINAPI_FAMILY_APP /D __WRL_NO_DEFAULT_LIB__ /Gm- /EHsc /RTC1 /MDd /GS /fp:precise /Zc:wchar_t /Zc:forScope /Zc:inline /Yc"pch.h" /Fp"Debug\pch.pch" /Fo"Debug\\" /Fd"Debug\vc140.pdb" /Gd /TP /wd4453 /wd28204 /FU"C:\Program Files (x86)\Microsoft Visual Studio 14.0\VC\lib\store\references\platform.winmd" /FU"C:\Program Files (x86)\Windows Kits\10\References\Windows.Foundation.FoundationContract\1.0.0.0\Windows.Foundation.FoundationContract.winmd" /FU"C:\Program Files (x86)\Windows Kits\10\References\Windows.Foundation.UniversalApiContract\1.0.0.0\Windows.Foundation.UniversalApiContract.winmd" /FU"C:\Program Files (x86)\Windows Kits\10\References\Windows.Networking.Connectivity.WwanContract\1.0.0.0\Windows.Networking.Connectivity.WwanContract.winmd" /analyze- /errorReport:prompt /bigobj pch.cpp
         pch.cpp
         C:\Program Files (x86)\Microsoft Visual Studio 14.0\VC\bin\CL.exe /c /I"c:\Users\Andrew\documents\visual studio 2015\Projects\LindenmeyerSystems\LindenmeyerSystems\\" /IDebug\ /I"c:\Users\Andrew\documents\visual studio 2015\Projects\LindenmeyerSystems\LindenmeyerSystems\\" /I"Generated Files\\" /IDebug\ /ZI /ZW /ZW:nostdlib /nologo /W3 /WX- /sdl /MP /Od /Oy- /D _DEBUG /D _UNICODE /D UNICODE /D _DEBUG /D WINAPI_FAMILY=WINAPI_FAMILY_APP /D __WRL_NO_DEFAULT_LIB__ /Gm- /EHsc /RTC1 /MDd /GS /fp:precise /Zc:wchar_t /Zc:forScope /Zc:inline /Yu"pch.h" /Fp"Debug\pch.pch" /Fo"Debug\\" /Fd"Debug\vc140.pdb" /Gd /TP /wd4453 /wd28204 /FU"C:\Program Files (x86)\Microsoft Visual Studio 14.0\VC\lib\store\references\platform.winmd" /FU"C:\Program Files (x86)\Windows Kits\10\References\Windows.Foundation.FoundationContract\1.0.0.0\Windows.Foundation.FoundationContract.winmd" /FU"C:\Program Files (x86)\Windows Kits\10\References\Windows.Foundation.UniversalApiContract\1.0.0.0\Windows.Foundation.UniversalApiContract.winmd" /FU"C:\Program Files (x86)\Windows Kits\10\References\Windows.Networking.Connectivity.WwanContract\1.0.0.0\Windows.Networking.Connectivity.WwanContract.winmd" /analyze- /errorReport:prompt /bigobj App.cpp Common\DeviceResources.cpp LindenmeyerSystemsMain.cpp Content\SampleFpsTextRenderer.cpp Content\Sample3DSceneRenderer.cpp
         App.cpp
         DeviceResources.cpp
         LindenmeyerSystemsMain.cpp
         SampleFpsTextRenderer.cpp
         Sample3DSceneRenderer.cpp
       Link:
         C:\Program Files (x86)\Microsoft Visual Studio 14.0\VC\bin\link.exe /ERRORREPORT:PROMPT /OUT:"c:\users\andrew\documents\visual studio 2015\Projects\LindenmeyerSystems\Debug\LindenmeyerSystems\LindenmeyerSystems.exe" /INCREMENTAL /NOLOGO /LIBPATH:"C:\Program Files (x86)\Microsoft Visual Studio 14.0\VC\\lib\store" /LIBPATH:"C:\Program Files (x86)\Microsoft Visual Studio 14.0\VC\\lib" d2d1.lib d3d11.lib dxgi.lib windowscodecs.lib dwrite.lib WindowsApp.lib /MANIFEST:NO /DEBUG:FASTLINK /PDB:"c:\users\andrew\documents\visual studio 2015\Projects\LindenmeyerSystems\Debug\LindenmeyerSystems\LindenmeyerSystems.pdb" /SUBSYSTEM:WINDOWS /TLBID:1 /APPCONTAINER /WINMD /WINMDFILE:"c:\users\andrew\documents\visual studio 2015\Projects\LindenmeyerSystems\Debug\LindenmeyerSystems\LindenmeyerSystems.winmd" /DYNAMICBASE /NXCOMPAT /MACHINE:X86 Debug\App.obj
         Debug\DeviceResources.obj
         Debug\LindenmeyerSystemsMain.obj
         Debug\SampleFpsTextRenderer.obj
         Debug\Sample3DSceneRenderer.obj
         Debug\pch.obj
         LindenmeyerSystems.vcxproj -> c:\users\andrew\documents\visual studio 2015\Projects\LindenmeyerSystems\Debug\LindenmeyerSystems\LindenmeyerSystems.exe
       _GenerateProjectPriFileCore:
         C:\Program Files (x86)\Windows Kits\10\bin\x64\MakePri.exe New -ProjectRoot "c:\Users\Andrew\documents\visual studio 2015\Projects\LindenmeyerSystems\LindenmeyerSystems\\" -ConfigXml Debug\priconfig.xml -OutputFile "c:\users\andrew\documents\visual studio 2015\Projects\LindenmeyerSystems\Debug\LindenmeyerSystems\resources.pri" -IndexName 24860430-66cf-4028-9e19-574dcdb62cf0 -Verbose -Overwrite  
     1>C:\Program Files (x86)\MSBuild\Microsoft\VisualStudio\v14.0\AppxPackage\Microsoft.AppXPackage.Targets(1673,5): warning APPX0106: Loading certificate file 'LindenmeyerSystems_TemporaryKey.pfx' failed. Unspecified error
C:\Program Files (x86)\MSBuild\Microsoft\VisualStudio\v14.0\AppxPackage\Microsoft.AppXPackage.Targets(1673,5): warning APPX0106: 
     1>C:\Program Files (x86)\MSBuild\Microsoft\VisualStudio\v14.0\AppxPackage\Microsoft.AppXPackage.Targets(1673,5): warning APPX0107: The certificate specified is not valid for signing. For more information about valid certificates, see http://go.microsoft.com/fwlink/?LinkID=241478.
     1>Done Building Project "c:\Users\Andrew\documents\visual studio 2015\Projects\LindenmeyerSystems\LindenmeyerSystems\LindenmeyerSystems.vcxproj" (Build target(s)).

Build succeeded.

Time Elapsed 00:00:32.20
